<?xml version="1.0" encoding="utf-8"?><testsuites name="pytest tests"><testsuite name="pytest" errors="0" failures="0" skipped="2" tests="2" time="0.022" timestamp="2026-06-01T16:51:10.058335-04:00" hostname="WyattWork"><testcase classname="tests.test_allskip" name="test_a" time="0.001"><skipped type="pytest.skip" message="x">C:\Users\chris\Downloads\_pytest_fixture_gen\tests\test_allskip.py:2: x</skipped></testcase><testcase classname="tests.test_allskip" name="test_b" time="0.000"><skipped type="pytest.skip" message="y">C:\Users\chris\Downloads\_pytest_fixture_gen\tests\test_allskip.py:4: y</skipped></testcase></testsuite></testsuites>