<?xml version="1.0" encoding="utf-8"?><testsuites name="pytest tests"><testsuite name="pytest" errors="0" failures="0" skipped="2" tests="6" time="0.195" timestamp="2026-06-01T16:50:11.036844-04:00" hostname="WyattWork"><testcase classname="tests.test_money" name="test_cents_add" time="0.001" /><testcase classname="tests.test_money" name="test_cents_round_half_even" time="0.001" /><testcase classname="tests.test_money" name="test_split_remainder" time="0.001" /><testcase classname="tests.test_money" name="test_future_currency" time="0.000"><skipped type="pytest.skip" message="not implemented">C:\Users\chris\Downloads\_pytest_fixture_gen\tests\test_money.py:12: not implemented</skipped></testcase><testcase classname="tests.test_money" name="test_known_bad" time="0.001"><skipped type="pytest.xfail" message="known rounding edge" /></testcase><testcase classname="tests.test_money" name="test_negative_guard" time="0.001" /></testsuite></testsuites>